<?xml version="1.0" encoding="UTF-8"?>
<!-- Generated by org.testng.reporters.JUnitReportReporter -->
<testsuite skipped="0" hostname="DESKTOP-E0SQ1R3" name="ff5evo600.TankStatusValidation" tests="3" failures="0" timestamp="2022-08-12T13:07:10 IST" time="157.332" errors="0">
  <testcase name="titanLoginPage" time="89.271" classname="ff5evo600.TankStatusValidation"/>
  <system-out/>
  <testcase name="atgHomescreen" time="65.429" classname="ff5evo600.TankStatusValidation"/>
  <system-out/>
  <testcase name="tankStatusVerify" time="2.632" classname="ff5evo600.TankStatusValidation"/>
  <system-out/>
</testsuite> <!-- ff5evo600.TankStatusValidation -->
