<?xml version="1.0" encoding="UTF-8"?>
<!-- Generated by org.testng.reporters.JUnitReportReporter -->
<testsuite hostname="DESKTOP-E0SQ1R3" name="veederRoot450plus.EdgeUrlLogin" tests="1" failures="0" timestamp="7 Jul 2022 07:50:04 GMT" time="13.228" errors="0">
  <testcase name="browserlauncher" time="13.228" classname="veederRoot450plus.EdgeUrlLogin"/>
</testsuite> <!-- veederRoot450plus.EdgeUrlLogin -->
